{
  "RSpec": {
    "coverage": {
      "/Users/mac/Development/code/tic-tac-toe-rb/lib/tic_tac_toe.rb": [
        null,
        1,
        null,
        null,
        null,
        null,
        null,
        null,
        null,
        null,
        null,
        1,
        24,
        24,
        24,
        24,
        24,
        null,
        null,
        1,
        3,
        null,
        null,
        1,
        3,
        null,
        null,
        1,
        4,
        null,
        null,
        1,
        3,
        null,
        null,
        1,
        19,
        19,
        19,
        1,
        1,
        null,
        19,
        19,
        null,
        null,
        1,
        21,
        21,
        189,
        31,
        null,
        null,
        21,
        null,
        null,
        1,
        20,
        null,
        null,
        1,
        null,
        55,
        351,
        351,
        351,
        null,
        351,
        351,
        351,
        null,
        351,
        18,
        333,
        5,
        null,
        328,
        null,
        null,
        null,
        null,
        1,
        103,
        10,
        null,
        6,
        null,
        null,
        null,
        1,
        23,
        5,
        null,
        18,
        null,
        null,
        null,
        1,
        21,
        10,
        null,
        11,
        null,
        null,
        null,
        1,
        7,
        6,
        null,
        null,
        null,
        1,
        12,
        17,
        null,
        12,
        5,
        null,
        7,
        null,
        null
      ]
    },
    "timestamp": 1647136778
  }
}
